<?xml version="1.0" encoding="UTF-8"?>
<testng-results skipped="0" failed="0" ignored="4" total="8" passed="4">
  <reporter-output>
  </reporter-output>
  <suite name="Suite" duration-ms="65" started-at="2018-04-30T17:38:50Z" finished-at="2018-04-30T17:38:50Z">
    <groups>
      <group name="Regression">
        <method signature="GroupingTests.C()[pri:0, instance:com.TestNG.GroupingTests@9629756]" name="C" class="com.TestNG.GroupingTests"/>
        <method signature="GroupingTests.C()[pri:0, instance:com.TestNG.GroupingTests@cb5822]" name="C" class="com.TestNG.GroupingTests"/>
      </group> <!-- Regression -->
      <group name="Smoke">
        <method signature="GroupingTests.A()[pri:0, instance:com.TestNG.GroupingTests@9629756]" name="A" class="com.TestNG.GroupingTests"/>
        <method signature="GroupingTests.C()[pri:0, instance:com.TestNG.GroupingTests@9629756]" name="C" class="com.TestNG.GroupingTests"/>
        <method signature="GroupingTests.A()[pri:0, instance:com.TestNG.GroupingTests@cb5822]" name="A" class="com.TestNG.GroupingTests"/>
        <method signature="GroupingTests.C()[pri:0, instance:com.TestNG.GroupingTests@cb5822]" name="C" class="com.TestNG.GroupingTests"/>
      </group> <!-- Smoke -->
    </groups>
    <test name="Chrome" duration-ms="62" started-at="2018-04-30T17:38:50Z" finished-at="2018-04-30T17:38:50Z">
      <class name="com.TestNG.GroupingTests">
        <test-method status="PASS" signature="A()[pri:0, instance:com.TestNG.GroupingTests@9629756]" name="A" duration-ms="22" started-at="2018-04-30T23:08:50Z" finished-at="2018-04-30T23:08:50Z">
          <reporter-output>
          </reporter-output>
        </test-method> <!-- A -->
        <test-method status="PASS" signature="C()[pri:0, instance:com.TestNG.GroupingTests@9629756]" name="C" duration-ms="3" started-at="2018-04-30T23:08:50Z" finished-at="2018-04-30T23:08:50Z">
          <reporter-output>
          </reporter-output>
        </test-method> <!-- C -->
      </class> <!-- com.TestNG.GroupingTests -->
    </test> <!-- Chrome -->
    <test name="Firefox" duration-ms="65" started-at="2018-04-30T17:38:50Z" finished-at="2018-04-30T17:38:50Z">
      <class name="com.TestNG.GroupingTests">
        <test-method status="PASS" signature="A()[pri:0, instance:com.TestNG.GroupingTests@cb5822]" name="A" duration-ms="18" started-at="2018-04-30T23:08:50Z" finished-at="2018-04-30T23:08:50Z">
          <reporter-output>
          </reporter-output>
        </test-method> <!-- A -->
        <test-method status="PASS" signature="C()[pri:0, instance:com.TestNG.GroupingTests@cb5822]" name="C" duration-ms="12" started-at="2018-04-30T23:08:50Z" finished-at="2018-04-30T23:08:50Z">
          <reporter-output>
          </reporter-output>
        </test-method> <!-- C -->
      </class> <!-- com.TestNG.GroupingTests -->
    </test> <!-- Firefox -->
  </suite> <!-- Suite -->
</testng-results>
