<?xml version="1.0" encoding="UTF-8"?>
<!-- Generated by org.testng.reporters.JUnitXMLReporter -->
<testsuite hostname="STALAPAL-IN" ignored="0" name="FirefoxTest" tests="4" failures="0" timestamp="28 Apr 2018 15:37:29 GMT" time="0.031" errors="0">
  <testcase name="checkEvenOrOdd" time="0.002" classname="com.TestNG.ParameterizedTest"/>
  <testcase name="checkEvenOrOdd" time="0.01" classname="com.TestNG.ParameterizedTest"/>
  <testcase name="checkEvenOrOdd" time="0.003" classname="com.TestNG.ParameterizedTest"/>
  <testcase name="printName" time="0.002" classname="com.TestNG.ParameterizedTest"/>
</testsuite> <!-- FirefoxTest -->
