<?xml version="1.0" encoding="UTF-8"?>
<!-- Generated by org.testng.reporters.JUnitXMLReporter -->
<testsuite hostname="STALAPAL-IN" ignored="2" name="Firefox" tests="2" failures="0" timestamp="30 Apr 2018 17:38:50 GMT" time="0.065" errors="0">
  <testcase name="A" time="0.018" classname="com.TestNG.GroupingTests"/>
  <testcase name="C" time="0.012" classname="com.TestNG.GroupingTests"/>
  <testcase name="B" time="0.0" classname="com.TestNG.GroupingTests">
    <ignored/>
  </testcase> <!-- B -->
  <testcase name="D" time="0.0" classname="com.TestNG.GroupingTests">
    <ignored/>
  </testcase> <!-- D -->
</testsuite> <!-- Firefox -->
