<?xml version="1.0" encoding="UTF-8"?>
<!-- Generated by org.testng.reporters.JUnitXMLReporter -->
<testsuite hostname="STALAPAL-IN" ignored="0" name="Test" tests="3" failures="1" timestamp="26 Feb 2018 17:06:39 GMT" time="0.084" errors="0">
  <testcase name="testMethodA" time="0.016" classname="com.TestNG.DependencyTest"/>
  <testcase name="testMethodB" time="0.003" classname="com.TestNG.DependencyTest">
    <failure type="java.lang.AssertionError" message="expected [true] but found [false]">
      <![CDATA[java.lang.AssertionError: expected [true] but found [false]
	at com.TestNG.DependencyTest.testMethodB(DependencyTest.java:18)
... Removed 29 stack frames]]>
    </failure>
  </testcase> <!-- testMethodB -->
  <testcase name="testMethodC" time="0.0" classname="com.TestNG.DependencyTest">
    <skipped/>
  </testcase> <!-- testMethodC -->
</testsuite> <!-- Test -->
