<?xml version="1.0" encoding="UTF-8"?>
<!-- Generated by org.testng.reporters.JUnitXMLReporter -->
<testsuite hostname="STALAPAL-IN" ignored="1" name="FirefoxTest(failed)" tests="1" failures="1" timestamp="20 Apr 2018 00:03:35 GMT" time="0.199" errors="0">
  <testcase name="printName" time="0.193" classname="com.TestNG.ParameterizedTest">
    <failure type="java.lang.IllegalStateException" message="The path to the driver executable must be set by the webdriver.gecko.driver system property; for more information, see https://github.com/mozilla/geckodriver. The latest version can be downloaded from https://github.com/mozilla/geckodriver/releases">
      <![CDATA[java.lang.IllegalStateException: The path to the driver executable must be set by the webdriver.gecko.driver system property; for more information, see https://github.com/mozilla/geckodriver. The latest version can be downloaded from https://github.com/mozilla/geckodriver/releases
	at com.google.common.base.Preconditions.checkState(Preconditions.java:754)
	at org.openqa.selenium.remote.service.DriverService.findExecutable(DriverService.java:124)
	at org.openqa.selenium.firefox.GeckoDriverService.access$100(GeckoDriverService.java:41)
	at org.openqa.selenium.firefox.GeckoDriverService$Builder.findDefaultExecutable(GeckoDriverService.java:115)
	at org.openqa.selenium.remote.service.DriverService$Builder.build(DriverService.java:329)
	at org.openqa.selenium.firefox.FirefoxDriver.toExecutor(FirefoxDriver.java:207)
	at org.openqa.selenium.firefox.FirefoxDriver.<init>(FirefoxDriver.java:103)
	at org.openqa.selenium.firefox.FirefoxDriver.<init>(FirefoxDriver.java:99)
	at com.TestNG.ParameterizedTest.printName(ParameterizedTest.java:21)
... Removed 25 stack frames]]>
    </failure>
  </testcase> <!-- printName -->
  <testcase name="checkEvenOrOdd" time="0.0" classname="com.TestNG.ParameterizedTest">
    <ignored/>
  </testcase> <!-- checkEvenOrOdd -->
</testsuite> <!-- FirefoxTest(failed) -->
